Traceback (most recent call last):
  File "D:\anaconda3\lib\site-packages\jupyter_cache\executors\utils.py", line 58, in single_nb_execution
    executenb(
  File "D:\anaconda3\lib\site-packages\nbclient\client.py", line 1204, in execute
    return NotebookClient(nb=nb, resources=resources, km=km, **kwargs).execute()
  File "D:\anaconda3\lib\site-packages\nbclient\util.py", line 84, in wrapped
    return just_run(coro(*args, **kwargs))
  File "D:\anaconda3\lib\site-packages\nbclient\util.py", line 62, in just_run
    return loop.run_until_complete(coro)
  File "D:\anaconda3\lib\asyncio\base_events.py", line 647, in run_until_complete
    return future.result()
  File "D:\anaconda3\lib\site-packages\nbclient\client.py", line 663, in async_execute
    await self.async_execute_cell(
  File "D:\anaconda3\lib\site-packages\nbclient\client.py", line 965, in async_execute_cell
    await self._check_raise_for_error(cell, cell_index, exec_reply)
  File "D:\anaconda3\lib\site-packages\nbclient\client.py", line 862, in _check_raise_for_error
    raise CellExecutionError.from_cell_and_msg(cell, exec_reply_content)
nbclient.exceptions.CellExecutionError: An error occurred while executing the following cell:
------------------
from IPython import display
import os
os.chdir('/Users/alinaxu/Documents/CDM/CausalDM')
display.Image("./images/CEL-DiD.png")
------------------

[1;31m---------------------------------------------------------------------------[0m
[1;31mFileNotFoundError[0m                         Traceback (most recent call last)
Input [1;32mIn [1][0m, in [0;36m<cell line: 3>[1;34m()[0m
[0;32m      1[0m [38;5;28;01mfrom[39;00m [38;5;21;01mIPython[39;00m [38;5;28;01mimport[39;00m display
[0;32m      2[0m [38;5;28;01mimport[39;00m [38;5;21;01mos[39;00m
[1;32m----> 3[0m [43mos[49m[38;5;241;43m.[39;49m[43mchdir[49m[43m([49m[38;5;124;43m'[39;49m[38;5;124;43m/Users/alinaxu/Documents/CDM/CausalDM[39;49m[38;5;124;43m'[39;49m[43m)[49m
[0;32m      4[0m display[38;5;241m.[39mImage([38;5;124m"[39m[38;5;124m./images/CEL-DiD.png[39m[38;5;124m"[39m)

[1;31mFileNotFoundError[0m: [WinError 3] ç³»ç»Ÿæ‰¾ä¸åˆ°æŒ‡å®šçš„è·¯å¾„ã€‚: '/Users/alinaxu/Documents/CDM/CausalDM'
FileNotFoundError: [WinError 3] ç³»ç»Ÿæ‰¾ä¸åˆ°æŒ‡å®šçš„è·¯å¾„ã€‚: '/Users/alinaxu/Documents/CDM/CausalDM'

