Traceback (most recent call last):
  File "D:\anaconda3\lib\site-packages\jupyter_cache\executors\utils.py", line 51, in single_nb_execution
    executenb(
  File "D:\anaconda3\lib\site-packages\nbclient\client.py", line 1204, in execute
    return NotebookClient(nb=nb, resources=resources, km=km, **kwargs).execute()
  File "D:\anaconda3\lib\site-packages\nbclient\util.py", line 84, in wrapped
    return just_run(coro(*args, **kwargs))
  File "D:\anaconda3\lib\site-packages\nbclient\util.py", line 62, in just_run
    return loop.run_until_complete(coro)
  File "D:\anaconda3\lib\asyncio\base_events.py", line 647, in run_until_complete
    return future.result()
  File "D:\anaconda3\lib\site-packages\nbclient\client.py", line 663, in async_execute
    await self.async_execute_cell(
  File "D:\anaconda3\lib\site-packages\nbclient\client.py", line 965, in async_execute_cell
    await self._check_raise_for_error(cell, cell_index, exec_reply)
  File "D:\anaconda3\lib\site-packages\nbclient\client.py", line 862, in _check_raise_for_error
    raise CellExecutionError.from_cell_and_msg(cell, exec_reply_content)
nbclient.exceptions.CellExecutionError: An error occurred while executing the following cell:
------------------
# import related packages
import numpy as np
import pandas as pd
from matplotlib import pyplot as plt;
from sklearn.ensemble import GradientBoostingRegressor
from sklearn.linear_model import LinearRegression
import os
os.chdir('/Users/alinaxu/Documents/CDM/CausalDM')
# Get the MovieLens data
MovieLens_CEL = pd.read_csv("./causaldm/data/MovieLens_CEL.csv")
MovieLens_CEL.pop(MovieLens_CEL.columns[0])
MovieLens_CEL
------------------

[1;31m---------------------------------------------------------------------------[0m
[1;31mFileNotFoundError[0m                         Traceback (most recent call last)
Input [1;32mIn [1][0m, in [0;36m<cell line: 8>[1;34m()[0m
[0;32m      6[0m [38;5;28;01mfrom[39;00m [38;5;21;01msklearn[39;00m[38;5;21;01m.[39;00m[38;5;21;01mlinear_model[39;00m [38;5;28;01mimport[39;00m LinearRegression
[0;32m      7[0m [38;5;28;01mimport[39;00m [38;5;21;01mos[39;00m
[1;32m----> 8[0m [43mos[49m[38;5;241;43m.[39;49m[43mchdir[49m[43m([49m[38;5;124;43m'[39;49m[38;5;124;43m/Users/alinaxu/Documents/CDM/CausalDM[39;49m[38;5;124;43m'[39;49m[43m)[49m
[0;32m      9[0m [38;5;66;03m# Get the MovieLens data[39;00m
[0;32m     10[0m MovieLens_CEL [38;5;241m=[39m pd[38;5;241m.[39mread_csv([38;5;124m"[39m[38;5;124m./causaldm/data/MovieLens_CEL.csv[39m[38;5;124m"[39m)

[1;31mFileNotFoundError[0m: [WinError 3] ç³»ç»Ÿæ‰¾ä¸åˆ°æŒ‡å®šçš„è·¯å¾„ã€‚: '/Users/alinaxu/Documents/CDM/CausalDM'
FileNotFoundError: [WinError 3] ç³»ç»Ÿæ‰¾ä¸åˆ°æŒ‡å®šçš„è·¯å¾„ã€‚: '/Users/alinaxu/Documents/CDM/CausalDM'

