Traceback (most recent call last):
  File "D:\Anaconda\lib\site-packages\jupyter_cache\executors\utils.py", line 51, in single_nb_execution
    executenb(
  File "D:\Anaconda\lib\site-packages\nbclient\client.py", line 1112, in execute
    return NotebookClient(nb=nb, resources=resources, km=km, **kwargs).execute()
  File "D:\Anaconda\lib\site-packages\nbclient\util.py", line 74, in wrapped
    return just_run(coro(*args, **kwargs))
  File "D:\Anaconda\lib\site-packages\nbclient\util.py", line 53, in just_run
    return loop.run_until_complete(coro)
  File "D:\Anaconda\lib\asyncio\base_events.py", line 642, in run_until_complete
    return future.result()
  File "D:\Anaconda\lib\site-packages\nbclient\client.py", line 553, in async_execute
    await self.async_execute_cell(
  File "D:\Anaconda\lib\site-packages\nbclient\client.py", line 857, in async_execute_cell
    self._check_raise_for_error(cell, exec_reply)
  File "D:\Anaconda\lib\site-packages\nbclient\client.py", line 760, in _check_raise_for_error
    raise CellExecutionError.from_cell_and_msg(cell, exec_reply_content)
nbclient.exceptions.CellExecutionError: An error occurred while executing the following cell:
------------------
# To find the optimal I2DR by the deep jump learner on the Real Data 
# of Warfarin Dosing (20 features)

# code used to import the learner  
from DJL_opt import *

# real data generator
data_gen = data_generator.RealDataGenerator(file_name='real_envir.pickle') 
  
n = 300 # total number of visit 

# deep jump learner

DJL_partition, DJL_agent = DJLearn_opt(data_gen, n, seed=2333, mlp_max_iter=50)

------------------

[1;31m---------------------------------------------------------------------------[0m
[1;31mModuleNotFoundError[0m                       Traceback (most recent call last)
[1;32m~\AppData\Local\Temp/ipykernel_15692/2744164990.py[0m in [0;36m<module>[1;34m[0m
[0;32m      3[0m [1;33m[0m[0m
[0;32m      4[0m [1;31m# code used to import the learner[0m[1;33m[0m[1;33m[0m[0m
[1;32m----> 5[1;33m [1;32mfrom[0m [0mDJL_opt[0m [1;32mimport[0m [1;33m*[0m[1;33m[0m[1;33m[0m[0m
[0m[0;32m      6[0m [1;33m[0m[0m
[0;32m      7[0m [1;31m# real data generator[0m[1;33m[0m[1;33m[0m[0m

[1;31mModuleNotFoundError[0m: No module named 'DJL_opt'
ModuleNotFoundError: No module named 'DJL_opt'

