Traceback (most recent call last):
  File "D:\anaconda3\lib\site-packages\jupyter_cache\executors\utils.py", line 51, in single_nb_execution
    executenb(
  File "D:\anaconda3\lib\site-packages\nbclient\client.py", line 1204, in execute
    return NotebookClient(nb=nb, resources=resources, km=km, **kwargs).execute()
  File "D:\anaconda3\lib\site-packages\nbclient\util.py", line 84, in wrapped
    return just_run(coro(*args, **kwargs))
  File "D:\anaconda3\lib\site-packages\nbclient\util.py", line 62, in just_run
    return loop.run_until_complete(coro)
  File "D:\anaconda3\lib\asyncio\base_events.py", line 647, in run_until_complete
    return future.result()
  File "D:\anaconda3\lib\site-packages\nbclient\client.py", line 663, in async_execute
    await self.async_execute_cell(
  File "D:\anaconda3\lib\site-packages\nbclient\client.py", line 965, in async_execute_cell
    await self._check_raise_for_error(cell, cell_index, exec_reply)
  File "D:\anaconda3\lib\site-packages\nbclient\client.py", line 862, in _check_raise_for_error
    raise CellExecutionError.from_cell_and_msg(cell, exec_reply_content)
nbclient.exceptions.CellExecutionError: An error occurred while executing the following cell:
------------------
from causaldm.learners.CPL4.CMAB import _env_realCMAB as _env
env = _env.Single_Contextual_Env(seed = 0, Binary = False)
------------------

[1;31m---------------------------------------------------------------------------[0m
[1;31mFileNotFoundError[0m                         Traceback (most recent call last)
Input [1;32mIn [2][0m, in [0;36m<cell line: 2>[1;34m()[0m
[0;32m      1[0m [38;5;28;01mfrom[39;00m [38;5;21;01mcausaldm[39;00m[38;5;21;01m.[39;00m[38;5;21;01mlearners[39;00m[38;5;21;01m.[39;00m[38;5;21;01mCPL4[39;00m[38;5;21;01m.[39;00m[38;5;21;01mCMAB[39;00m [38;5;28;01mimport[39;00m _env_realCMAB [38;5;28;01mas[39;00m _env
[1;32m----> 2[0m env [38;5;241m=[39m [43m_env[49m[38;5;241;43m.[39;49m[43mSingle_Contextual_Env[49m[43m([49m[43mseed[49m[43m [49m[38;5;241;43m=[39;49m[43m [49m[38;5;241;43m0[39;49m[43m,[49m[43m [49m[43mBinary[49m[43m [49m[38;5;241;43m=[39;49m[43m [49m[38;5;28;43;01mFalse[39;49;00m[43m)[49m

File [1;32mD:\anaconda3\lib\site-packages\causaldm\learners\CPL4\_util_online.py:223[0m, in [0;36mautoargs.<locals>._autoargs.<locals>.wrapper[1;34m(self, *args, **kwargs)[0m
[0;32m    221[0m         [38;5;28;01mif[39;00m sieve(attr):
[0;32m    222[0m             [38;5;28msetattr[39m([38;5;28mself[39m, attr, val)
[1;32m--> 223[0m [38;5;28;01mreturn[39;00m func([38;5;28mself[39m, [38;5;241m*[39margs, [38;5;241m*[39m[38;5;241m*[39mkwargs)

File [1;32mD:\anaconda3\lib\site-packages\causaldm\learners\CPL4\CMAB\_env_realCMAB.py:13[0m, in [0;36mSingle_Contextual_Env.__init__[1;34m(self, seed, Binary, leave_drama)[0m
[0;32m     11[0m np[38;5;241m.[39mrandom[38;5;241m.[39mseed([38;5;28mself[39m[38;5;241m.[39mseed)
[0;32m     12[0m random[38;5;241m.[39mseed([38;5;28mself[39m[38;5;241m.[39mseed)
[1;32m---> 13[0m [38;5;28mself[39m[38;5;241m.[39mdat [38;5;241m=[39m [43mget_movielens[49m[43m([49m[43m)[49m
[0;32m     14[0m [38;5;28mself[39m[38;5;241m.[39mN [38;5;241m=[39m [38;5;28mself[39m[38;5;241m.[39mdat[[38;5;124m'[39m[38;5;124mXs[39m[38;5;124m'[39m][38;5;241m.[39mshape[[38;5;241m0[39m]
[0;32m     15[0m [38;5;28mself[39m[38;5;241m.[39mleave_drame [38;5;241m=[39m leave_drama

File [1;32mD:\anaconda3\lib\site-packages\causaldm\learners\CPL4\CMAB\_env_realCMAB.py:67[0m, in [0;36mget_movielens[1;34m()[0m
[0;32m     65[0m main_folder_dir [38;5;241m=[39m os[38;5;241m.[39mpath[38;5;241m.[39mnormpath(os[38;5;241m.[39mpath[38;5;241m.[39mjoin(current_script_dir, [38;5;124m'[39m[38;5;124m..[39m[38;5;124m'[39m, [38;5;124m'[39m[38;5;124m..[39m[38;5;124m'[39m, [38;5;124m'[39m[38;5;124m..[39m[38;5;124m'[39m,[38;5;124m'[39m[38;5;124m..[39m[38;5;124m'[39m))
[0;32m     66[0m data_dir [38;5;241m=[39m os[38;5;241m.[39mpath[38;5;241m.[39mjoin(main_folder_dir, [38;5;124m'[39m[38;5;124mdata/MovieLens_MTTS_1M.txt[39m[38;5;124m'[39m)
[1;32m---> 67[0m [38;5;28;01mwith[39;00m [38;5;28;43mopen[39;49m[43m([49m[43mdata_dir[49m[43m,[49m[43m [49m[38;5;124;43m"[39;49m[38;5;124;43mrb[39;49m[38;5;124;43m"[39;49m[43m)[49m [38;5;28;01mas[39;00m fp:
[0;32m     68[0m     MovieLens [38;5;241m=[39m pickle[38;5;241m.[39mload(fp) 
[0;32m     69[0m [38;5;28;01mreturn[39;00m MovieLens

[1;31mFileNotFoundError[0m: [Errno 2] No such file or directory: 'D:\\anaconda3\\lib\\site-packages\\data/MovieLens_MTTS_1M.txt'
FileNotFoundError: [Errno 2] No such file or directory: 'D:\\anaconda3\\lib\\site-packages\\data/MovieLens_MTTS_1M.txt'

