Traceback (most recent call last):
  File "D:\anaconda3\lib\site-packages\jupyter_cache\executors\utils.py", line 51, in single_nb_execution
    executenb(
  File "D:\anaconda3\lib\site-packages\nbclient\client.py", line 1204, in execute
    return NotebookClient(nb=nb, resources=resources, km=km, **kwargs).execute()
  File "D:\anaconda3\lib\site-packages\nbclient\util.py", line 84, in wrapped
    return just_run(coro(*args, **kwargs))
  File "D:\anaconda3\lib\site-packages\nbclient\util.py", line 62, in just_run
    return loop.run_until_complete(coro)
  File "D:\anaconda3\lib\asyncio\base_events.py", line 647, in run_until_complete
    return future.result()
  File "D:\anaconda3\lib\site-packages\nbclient\client.py", line 663, in async_execute
    await self.async_execute_cell(
  File "D:\anaconda3\lib\site-packages\nbclient\client.py", line 965, in async_execute_cell
    await self._check_raise_for_error(cell, cell_index, exec_reply)
  File "D:\anaconda3\lib\site-packages\nbclient\client.py", line 862, in _check_raise_for_error
    raise CellExecutionError.from_cell_and_msg(cell, exec_reply_content)
nbclient.exceptions.CellExecutionError: An error occurred while executing the following cell:
------------------
import os
os.getcwd()
os.chdir('/nas/longleaf/home/lge/CausalDM')
from causaldm.learners import Mediated_QLearning
state, action, mediator, reward = mimic3_MDTR.values()
MediatedQLearn = Mediated_QLearning.Mediated_QLearning()
N=len(state)
regime_control = pd.DataFrame({'IV_Input_1':[0]*N,'IV_Input_2':[0]*N, 'IV_Input_3':[0]*N}).set_index(state.index)
regime_target = pd.DataFrame({'IV_Input_1':[1]*N,'IV_Input_2':[1]*N, 'IV_Input_3':[1]*N}).set_index(state.index)
MediatedQLearn.train(state, action, mediator, reward, T=3, dim_state = 2, dim_mediator = 1, 
                     regime_target = regime_target, regime_control = regime_control,bootstrap = False)
NIE, NDE = MediatedQLearn.est_NDE_NIE()
NIE, NDE, NIE+NDE
------------------

[1;31m---------------------------------------------------------------------------[0m
[1;31mFileNotFoundError[0m                         Traceback (most recent call last)
Input [1;32mIn [2][0m, in [0;36m<cell line: 3>[1;34m()[0m
[0;32m      1[0m [38;5;28;01mimport[39;00m [38;5;21;01mos[39;00m
[0;32m      2[0m os[38;5;241m.[39mgetcwd()
[1;32m----> 3[0m [43mos[49m[38;5;241;43m.[39;49m[43mchdir[49m[43m([49m[38;5;124;43m'[39;49m[38;5;124;43m/nas/longleaf/home/lge/CausalDM[39;49m[38;5;124;43m'[39;49m[43m)[49m
[0;32m      4[0m [38;5;28;01mfrom[39;00m [38;5;21;01mcausaldm[39;00m[38;5;21;01m.[39;00m[38;5;21;01mlearners[39;00m [38;5;28;01mimport[39;00m Mediated_QLearning
[0;32m      5[0m state, action, mediator, reward [38;5;241m=[39m mimic3_MDTR[38;5;241m.[39mvalues()

[1;31mFileNotFoundError[0m: [WinError 3] ç³»ç»Ÿæ‰¾ä¸åˆ°æŒ‡å®šçš„è·¯å¾„ã€‚: '/nas/longleaf/home/lge/CausalDM'
FileNotFoundError: [WinError 3] ç³»ç»Ÿæ‰¾ä¸åˆ°æŒ‡å®šçš„è·¯å¾„ã€‚: '/nas/longleaf/home/lge/CausalDM'

