Traceback (most recent call last):
  File "/Users/wrunzhe/opt/anaconda3/lib/python3.9/site-packages/jupyter_cache/executors/utils.py", line 51, in single_nb_execution
    executenb(
  File "/Users/wrunzhe/opt/anaconda3/lib/python3.9/site-packages/nbclient/client.py", line 1204, in execute
    return NotebookClient(nb=nb, resources=resources, km=km, **kwargs).execute()
  File "/Users/wrunzhe/opt/anaconda3/lib/python3.9/site-packages/nbclient/util.py", line 84, in wrapped
    return just_run(coro(*args, **kwargs))
  File "/Users/wrunzhe/opt/anaconda3/lib/python3.9/site-packages/nbclient/util.py", line 62, in just_run
    return loop.run_until_complete(coro)
  File "/Users/wrunzhe/opt/anaconda3/lib/python3.9/asyncio/base_events.py", line 647, in run_until_complete
    return future.result()
  File "/Users/wrunzhe/opt/anaconda3/lib/python3.9/site-packages/nbclient/client.py", line 663, in async_execute
    await self.async_execute_cell(
  File "/Users/wrunzhe/opt/anaconda3/lib/python3.9/site-packages/nbclient/client.py", line 965, in async_execute_cell
    await self._check_raise_for_error(cell, cell_index, exec_reply)
  File "/Users/wrunzhe/opt/anaconda3/lib/python3.9/site-packages/nbclient/client.py", line 862, in _check_raise_for_error
    raise CellExecutionError.from_cell_and_msg(cell, exec_reply_content)
nbclient.exceptions.CellExecutionError: An error occurred while executing the following cell:
------------------
# After we publish the pack age, we can directly import it
# TODO: explore more efficient way
# we can hide this cell later
import os
os.getcwd()
os.chdir('..')
os.chdir('../CausalDM')
------------------

[0;31m---------------------------------------------------------------------------[0m
[0;31mFileNotFoundError[0m                         Traceback (most recent call last)
Input [0;32mIn [1][0m, in [0;36m<cell line: 7>[0;34m()[0m
[1;32m      5[0m os[38;5;241m.[39mgetcwd()
[1;32m      6[0m os[38;5;241m.[39mchdir([38;5;124m'[39m[38;5;124m..[39m[38;5;124m'[39m)
[0;32m----> 7[0m [43mos[49m[38;5;241;43m.[39;49m[43mchdir[49m[43m([49m[38;5;124;43m'[39;49m[38;5;124;43m../CausalDM[39;49m[38;5;124;43m'[39;49m[43m)[49m

[0;31mFileNotFoundError[0m: [Errno 2] No such file or directory: '../CausalDM'
FileNotFoundError: [Errno 2] No such file or directory: '../CausalDM'

