Traceback (most recent call last):
  File "D:\anaconda3\lib\site-packages\jupyter_cache\executors\utils.py", line 51, in single_nb_execution
    executenb(
  File "D:\anaconda3\lib\site-packages\nbclient\client.py", line 1204, in execute
    return NotebookClient(nb=nb, resources=resources, km=km, **kwargs).execute()
  File "D:\anaconda3\lib\site-packages\nbclient\util.py", line 84, in wrapped
    return just_run(coro(*args, **kwargs))
  File "D:\anaconda3\lib\site-packages\nbclient\util.py", line 62, in just_run
    return loop.run_until_complete(coro)
  File "D:\anaconda3\lib\asyncio\base_events.py", line 647, in run_until_complete
    return future.result()
  File "D:\anaconda3\lib\site-packages\nbclient\client.py", line 663, in async_execute
    await self.async_execute_cell(
  File "D:\anaconda3\lib\site-packages\nbclient\client.py", line 965, in async_execute_cell
    await self._check_raise_for_error(cell, cell_index, exec_reply)
  File "D:\anaconda3\lib\site-packages\nbclient\client.py", line 862, in _check_raise_for_error
    raise CellExecutionError.from_cell_and_msg(cell, exec_reply_content)
nbclient.exceptions.CellExecutionError: An error occurred while executing the following cell:
------------------
import os
os.getcwd()
path = 'D:/Github/CausalDM'
os.chdir(path)
import pandas as pd
import numpy as np
from sklearn.linear_model import LinearRegression
from causaldm.learners.Online.CMAB import _env_realCMAB as _env
from causaldm.learners.Online.CMAB import LinTS
env = _env.Single_Contextual_Env(seed = 0, Binary = False)
logged_data, arms = env.get_logged_dat()
------------------

[1;31m---------------------------------------------------------------------------[0m
[1;31mModuleNotFoundError[0m                       Traceback (most recent call last)
Input [1;32mIn [1][0m, in [0;36m<cell line: 8>[1;34m()[0m
[0;32m      6[0m [38;5;28;01mimport[39;00m [38;5;21;01mnumpy[39;00m [38;5;28;01mas[39;00m [38;5;21;01mnp[39;00m
[0;32m      7[0m [38;5;28;01mfrom[39;00m [38;5;21;01msklearn[39;00m[38;5;21;01m.[39;00m[38;5;21;01mlinear_model[39;00m [38;5;28;01mimport[39;00m LinearRegression
[1;32m----> 8[0m [38;5;28;01mfrom[39;00m [38;5;21;01mcausaldm[39;00m[38;5;21;01m.[39;00m[38;5;21;01mlearners[39;00m[38;5;21;01m.[39;00m[38;5;21;01mOnline[39;00m[38;5;21;01m.[39;00m[38;5;21;01mCMAB[39;00m [38;5;28;01mimport[39;00m _env_realCMAB [38;5;28;01mas[39;00m _env
[0;32m      9[0m [38;5;28;01mfrom[39;00m [38;5;21;01mcausaldm[39;00m[38;5;21;01m.[39;00m[38;5;21;01mlearners[39;00m[38;5;21;01m.[39;00m[38;5;21;01mOnline[39;00m[38;5;21;01m.[39;00m[38;5;21;01mCMAB[39;00m [38;5;28;01mimport[39;00m LinTS
[0;32m     10[0m env [38;5;241m=[39m _env[38;5;241m.[39mSingle_Contextual_Env(seed [38;5;241m=[39m [38;5;241m0[39m, Binary [38;5;241m=[39m [38;5;28;01mFalse[39;00m)

[1;31mModuleNotFoundError[0m: No module named 'causaldm.learners.Online'
ModuleNotFoundError: No module named 'causaldm.learners.Online'

