Traceback (most recent call last):
  File "D:\anaconda3\lib\site-packages\jupyter_cache\executors\utils.py", line 51, in single_nb_execution
    executenb(
  File "D:\anaconda3\lib\site-packages\nbclient\client.py", line 1204, in execute
    return NotebookClient(nb=nb, resources=resources, km=km, **kwargs).execute()
  File "D:\anaconda3\lib\site-packages\nbclient\util.py", line 84, in wrapped
    return just_run(coro(*args, **kwargs))
  File "D:\anaconda3\lib\site-packages\nbclient\util.py", line 62, in just_run
    return loop.run_until_complete(coro)
  File "D:\anaconda3\lib\asyncio\base_events.py", line 647, in run_until_complete
    return future.result()
  File "D:\anaconda3\lib\site-packages\nbclient\client.py", line 663, in async_execute
    await self.async_execute_cell(
  File "D:\anaconda3\lib\site-packages\nbclient\client.py", line 965, in async_execute_cell
    await self._check_raise_for_error(cell, cell_index, exec_reply)
  File "D:\anaconda3\lib\site-packages\nbclient\client.py", line 862, in _check_raise_for_error
    raise CellExecutionError.from_cell_and_msg(cell, exec_reply_content)
nbclient.exceptions.CellExecutionError: An error occurred while executing the following cell:
------------------
# Optional: 
#we also provide a bootstrap standard deviaiton of the optimal value estimation
# Warning: results amay not be reliable
QLearn = QLearning.QLearning()
model_info = [{"model": "Y~C(A)*(recency+history)", #default is add an intercept!!!
              'action_space':{'A':[0,1,2]}}]
QLearn.train(S, A, R, model_info, T=1, bootstrap = False, n_bs = 200)
fitted_params,fitted_value,value_avg,value_std,params=QLearn.predict_value_boots(S)
print('Value_hat:',value_avg,'Value_std:',value_std)
------------------

[1;31m---------------------------------------------------------------------------[0m
[1;31mAttributeError[0m                            Traceback (most recent call last)
Input [1;32mIn [6][0m, in [0;36m<cell line: 8>[1;34m()[0m
[0;32m      5[0m model_info [38;5;241m=[39m [{[38;5;124m"[39m[38;5;124mmodel[39m[38;5;124m"[39m: [38;5;124m"[39m[38;5;124mY~C(A)*(recency+history)[39m[38;5;124m"[39m, [38;5;66;03m#default is add an intercept!!![39;00m
[0;32m      6[0m               [38;5;124m'[39m[38;5;124maction_space[39m[38;5;124m'[39m:{[38;5;124m'[39m[38;5;124mA[39m[38;5;124m'[39m:[[38;5;241m0[39m,[38;5;241m1[39m,[38;5;241m2[39m]}}]
[0;32m      7[0m QLearn[38;5;241m.[39mtrain(S, A, R, model_info, T[38;5;241m=[39m[38;5;241m1[39m, bootstrap [38;5;241m=[39m [38;5;28;01mFalse[39;00m, n_bs [38;5;241m=[39m [38;5;241m200[39m)
[1;32m----> 8[0m fitted_params,fitted_value,value_avg,value_std,params[38;5;241m=[39m[43mQLearn[49m[38;5;241;43m.[39;49m[43mpredict_value_boots[49m[43m([49m[43mS[49m[43m)[49m
[0;32m      9[0m [38;5;28mprint[39m([38;5;124m'[39m[38;5;124mValue_hat:[39m[38;5;124m'[39m,value_avg,[38;5;124m'[39m[38;5;124mValue_std:[39m[38;5;124m'[39m,value_std)

File [1;32mD:\anaconda3\lib\site-packages\causaldm\learners\CPL13\disc\QLearning.py:155[0m, in [0;36mQLearning.predict_value_boots[1;34m(self, X)[0m
[0;32m    154[0m [38;5;28;01mdef[39;00m [38;5;21mpredict_value_boots[39m([38;5;28mself[39m,X):
[1;32m--> 155[0m     avg [38;5;241m=[39m [38;5;28msum[39m([38;5;28;43mself[39;49m[38;5;241;43m.[39;49m[43mboots[49m) [38;5;241m/[39m [38;5;28mlen[39m([38;5;28mself[39m[38;5;241m.[39mboots)
[0;32m    156[0m     std [38;5;241m=[39m np[38;5;241m.[39marray([38;5;28mself[39m[38;5;241m.[39mboots)[38;5;241m.[39mstd(axis[38;5;241m=[39m[38;5;241m0[39m,ddof[38;5;241m=[39m[38;5;241m1[39m)
[0;32m    157[0m     params [38;5;241m=[39m {}

[1;31mAttributeError[0m: 'QLearning' object has no attribute 'boots'
AttributeError: 'QLearning' object has no attribute 'boots'

