Traceback (most recent call last):
  File "D:\anaconda3\lib\site-packages\jupyter_cache\executors\utils.py", line 58, in single_nb_execution
    executenb(
  File "D:\anaconda3\lib\site-packages\nbclient\client.py", line 1204, in execute
    return NotebookClient(nb=nb, resources=resources, km=km, **kwargs).execute()
  File "D:\anaconda3\lib\site-packages\nbclient\util.py", line 84, in wrapped
    return just_run(coro(*args, **kwargs))
  File "D:\anaconda3\lib\site-packages\nbclient\util.py", line 62, in just_run
    return loop.run_until_complete(coro)
  File "D:\anaconda3\lib\asyncio\base_events.py", line 647, in run_until_complete
    return future.result()
  File "D:\anaconda3\lib\site-packages\nbclient\client.py", line 663, in async_execute
    await self.async_execute_cell(
  File "D:\anaconda3\lib\site-packages\nbclient\client.py", line 965, in async_execute_cell
    await self._check_raise_for_error(cell, cell_index, exec_reply)
  File "D:\anaconda3\lib\site-packages\nbclient\client.py", line 862, in _check_raise_for_error
    raise CellExecutionError.from_cell_and_msg(cell, exec_reply_content)
nbclient.exceptions.CellExecutionError: An error occurred while executing the following cell:
------------------
from causaldm.learners.CPL13.disc import QLearning
seed = 0
user_info = Single_Gaussian_Env(true_model, sigma, seed = seed, with_intercept = True, logged_dat = True)
user_info = user_info.user_info
S = user_info[['age', 'gender', 'educator', 'student', 'executive', 'technician']]
A = user_info['rec_genre']
R = user_info['reward']
------------------

[1;31m---------------------------------------------------------------------------[0m
[1;31mModuleNotFoundError[0m                       Traceback (most recent call last)
Input [1;32mIn [3][0m, in [0;36m<cell line: 1>[1;34m()[0m
[1;32m----> 1[0m [38;5;28;01mfrom[39;00m [38;5;21;01mcausaldm[39;00m[38;5;21;01m.[39;00m[38;5;21;01mlearners[39;00m[38;5;21;01m.[39;00m[38;5;21;01mCPL13[39;00m[38;5;21;01m.[39;00m[38;5;21;01mdisc[39;00m [38;5;28;01mimport[39;00m QLearning
[0;32m      2[0m seed [38;5;241m=[39m [38;5;241m0[39m
[0;32m      3[0m user_info [38;5;241m=[39m Single_Gaussian_Env(true_model, sigma, seed [38;5;241m=[39m seed, with_intercept [38;5;241m=[39m [38;5;28;01mTrue[39;00m, logged_dat [38;5;241m=[39m [38;5;28;01mTrue[39;00m)

File [1;32mD:\Github\CausalDM\causaldm\learners\CPL13\disc\QLearning.py:7[0m, in [0;36m<module>[1;34m[0m
[0;32m      5[0m [38;5;28;01mimport[39;00m [38;5;21;01mstatsmodels[39;00m[38;5;21;01m.[39;00m[38;5;21;01mformula[39;00m[38;5;21;01m.[39;00m[38;5;21;01mapi[39;00m [38;5;28;01mas[39;00m [38;5;21;01msmf[39;00m
[0;32m      6[0m [38;5;28;01mimport[39;00m [38;5;21;01mstatsmodels[39;00m[38;5;21;01m.[39;00m[38;5;21;01mapi[39;00m [38;5;28;01mas[39;00m [38;5;21;01msm[39;00m
[1;32m----> 7[0m [38;5;28;01mfrom[39;00m [38;5;21;01m.[39;00m[38;5;21;01m.[39;00m[38;5;21;01m.[39;00m[38;5;21;01m_base_policy_learner[39;00m [38;5;28;01mimport[39;00m BasePolicyLearner
[0;32m     10[0m [38;5;28;01mclass[39;00m [38;5;21;01mQLearning[39;00m(BasePolicyLearner):
[0;32m     11[0m [38;5;250m    [39m[38;5;124;03m'''[39;00m
[0;32m     12[0m [38;5;124;03m    Literature[39;00m
[0;32m     13[0m [38;5;124;03m    -----------[39;00m
[0;32m     14[0m [38;5;124;03m    1. Schulte, P. J., Tsiatis, A. A., Laber, E. B., & Davidian, M. (2014). Q-and A-learning methods for estimating optimal dynamic treatment regimes. Statistical science: a review journal of the Institute of Mathematical Statistics, 29(4), 640.[39;00m
[0;32m     15[0m [38;5;124;03m    '''[39;00m

File [1;32mD:\Github\CausalDM\causaldm\learners\_base_policy_learner.py:1[0m, in [0;36m<module>[1;34m[0m
[1;32m----> 1[0m [38;5;28;01mfrom[39;00m [38;5;21;01m.[39;00m[38;5;21;01m_util_causaldm[39;00m [38;5;28;01mimport[39;00m [38;5;241m*[39m
[0;32m      4[0m [38;5;28;01mclass[39;00m [38;5;21;01mBasePolicyLearner[39;00m():
[0;32m      5[0m     [38;5;129m@autoargs[39m()
[0;32m      6[0m     [38;5;28;01mdef[39;00m [38;5;21m__init__[39m([38;5;28mself[39m):

[1;31mModuleNotFoundError[0m: No module named 'causaldm.learners._util_causaldm'
ModuleNotFoundError: No module named 'causaldm.learners._util_causaldm'

