Traceback (most recent call last):
  File "D:\anaconda3\lib\site-packages\jupyter_cache\executors\utils.py", line 58, in single_nb_execution
    executenb(
  File "D:\anaconda3\lib\site-packages\nbclient\client.py", line 1204, in execute
    return NotebookClient(nb=nb, resources=resources, km=km, **kwargs).execute()
  File "D:\anaconda3\lib\site-packages\nbclient\util.py", line 84, in wrapped
    return just_run(coro(*args, **kwargs))
  File "D:\anaconda3\lib\site-packages\nbclient\util.py", line 62, in just_run
    return loop.run_until_complete(coro)
  File "D:\anaconda3\lib\asyncio\base_events.py", line 647, in run_until_complete
    return future.result()
  File "D:\anaconda3\lib\site-packages\nbclient\client.py", line 663, in async_execute
    await self.async_execute_cell(
  File "D:\anaconda3\lib\site-packages\nbclient\client.py", line 965, in async_execute_cell
    await self._check_raise_for_error(cell, cell_index, exec_reply)
  File "D:\anaconda3\lib\site-packages\nbclient\client.py", line 862, in _check_raise_for_error
    raise CellExecutionError.from_cell_and_msg(cell, exec_reply_content)
nbclient.exceptions.CellExecutionError: An error occurred while executing the following cell:
------------------
# To find the optimal I2DR by the deep jump learner on the Real Data 
# of Warfarin Dosing (20 features)

# code used to import the learner  
from causaldm.learners.CPL13.cont.Deep_Jump_Learner.DJL_opt import *

# real data generator
data_gen = data_generator.RealDataGenerator(file_name='real_envir.pickle') 
  
n = 300 # total number of visit 

# deep jump learner

DJL_partition, DJL_agent = DJLearn_opt(data_gen, n, seed=2333, mlp_max_iter=50)

------------------

[1;31m---------------------------------------------------------------------------[0m
[1;31mAttributeError[0m                            Traceback (most recent call last)
Input [1;32mIn [1][0m, in [0;36m<cell line: 8>[1;34m()[0m
[0;32m      5[0m [38;5;28;01mfrom[39;00m [38;5;21;01mcausaldm[39;00m[38;5;21;01m.[39;00m[38;5;21;01mlearners[39;00m[38;5;21;01m.[39;00m[38;5;21;01mCPL13[39;00m[38;5;21;01m.[39;00m[38;5;21;01mcont[39;00m[38;5;21;01m.[39;00m[38;5;21;01mDeep_Jump_Learner[39;00m[38;5;21;01m.[39;00m[38;5;21;01mDJL_opt[39;00m [38;5;28;01mimport[39;00m [38;5;241m*[39m
[0;32m      7[0m [38;5;66;03m# real data generator[39;00m
[1;32m----> 8[0m data_gen [38;5;241m=[39m [43mdata_generator[49m[38;5;241;43m.[39;49m[43mRealDataGenerator[49m(file_name[38;5;241m=[39m[38;5;124m'[39m[38;5;124mreal_envir.pickle[39m[38;5;124m'[39m) 
[0;32m     10[0m n [38;5;241m=[39m [38;5;241m300[39m [38;5;66;03m# total number of visit [39;00m
[0;32m     12[0m [38;5;66;03m# deep jump learner[39;00m

[1;31mAttributeError[0m: module 'data_generator' has no attribute 'RealDataGenerator'
AttributeError: module 'data_generator' has no attribute 'RealDataGenerator'

